mode: atomic
aaronlyc/monkey-ginkgo-samples/func-demo/func_demo.go:10.55,12.16 2 0
aaronlyc/monkey-ginkgo-samples/func-demo/func_demo.go:17.2,19.16 3 0
aaronlyc/monkey-ginkgo-samples/func-demo/func_demo.go:23.2,24.28 2 0
aaronlyc/monkey-ginkgo-samples/func-demo/func_demo.go:12.16,15.3 2 0
aaronlyc/monkey-ginkgo-samples/func-demo/func_demo.go:19.16,22.3 2 0
aaronlyc/monkey-ginkgo-samples/func-demo/func_demo.go:27.49,29.29 2 0
aaronlyc/monkey-ginkgo-samples/func-demo/func_demo.go:41.2,41.14 1 0
aaronlyc/monkey-ginkgo-samples/func-demo/func_demo.go:29.29,31.28 2 0
aaronlyc/monkey-ginkgo-samples/func-demo/func_demo.go:37.3,37.11 1 0
aaronlyc/monkey-ginkgo-samples/func-demo/func_demo.go:31.28,32.38 1 0
aaronlyc/monkey-ginkgo-samples/func-demo/func_demo.go:32.38,34.10 2 0
aaronlyc/monkey-ginkgo-samples/func-demo/func_demo.go:37.11,39.4 1 0
